2022.12.24 11:12:21 INFO  tracing is disabled for protocol LSP, to enable tracing of incoming and outgoing JSON messages create an empty file at /home/ubuntu/scala/api/juge6-web-api/.metals/lsp.trace.json or /home/ubuntu/.cache/metals/lsp.trace.json
2022.12.24 11:12:23 INFO  logging to file /home/ubuntu/scala/api/juge6-web-api/.metals/metals.log
2022.12.24 11:12:23 INFO  Started: Metals version 0.11.9 in workspace '/home/ubuntu/scala/api/juge6-web-api' for client Visual Studio Code 1.73.1.
2022.12.24 11:12:30 INFO  time: initialize in 6.64s
2022.12.24 11:12:39 WARN  Build server is not auto-connectable.
2022.12.24 11:12:45 INFO  running '/usr/lib/jvm/java-11-openjdk-amd64/bin/java -Djline.terminal=jline.UnsupportedTerminal -Dsbt.log.noformat=true -Dfile.encoding=UTF-8 -jar /tmp/metals3731572666782319940/sbt-launch.jar -Dbloop.export-jar-classifiers=sources bloopInstall'
2022.12.24 11:12:46 WARN  no build target for: /home/ubuntu/scala/api/juge6-web-api/project/metals.sbt
2022.12.24 11:12:46 WARN  no build target for: /home/ubuntu/scala/api/juge6-web-api/project/project/metals.sbt
2022.12.24 11:12:46 INFO  skipping build import with status 'Started'
2022.12.24 11:13:06 INFO  [info] welcome to sbt 1.7.2 (Ubuntu Java 11.0.17)
2022.12.24 11:13:09 INFO  no build target found for /home/ubuntu/scala/api/juge6-web-api/project/metals.sbt. Using presentation compiler with project's scala-library version: 3.2.0
2022.12.24 11:13:33 INFO  [info] loading settings for project juge6-web-api-build-build-build from metals.sbt ...
2022.12.24 11:13:38 INFO  [info] loading project definition from /home/ubuntu/scala/api/juge6-web-api/project/project/project
2022.12.24 11:13:56 INFO  [info] loading settings for project juge6-web-api-build-build from metals.sbt ...
2022.12.24 11:13:56 INFO  [info] loading project definition from /home/ubuntu/scala/api/juge6-web-api/project/project
2022.12.24 11:14:13 INFO  [success] Generated .bloop/juge6-web-api-build-build.json
2022.12.24 11:14:13 INFO  [success] Total time: 16 s, completed Dec 24, 2022, 11:14:13 AM
2022.12.24 11:14:16 INFO  [info] loading settings for project juge6-web-api-build from metals.sbt,plugins.sbt ...
2022.12.24 11:14:16 INFO  [info] loading project definition from /home/ubuntu/scala/api/juge6-web-api/project
2022.12.24 11:14:37 INFO  [success] Generated .bloop/juge6-web-api-build.json
2022.12.24 11:14:39 INFO  [success] Total time: 23 s, completed Dec 24, 2022, 11:14:39 AM
2022.12.24 11:14:55 INFO  [info] loading settings for project root from build.sbt ...
2022.12.24 11:14:55 INFO  [info]   __              __
2022.12.24 11:14:55 INFO  [info]   \ \     ____   / /____ _ __  __
2022.12.24 11:14:55 INFO  [info]    \ \   / __ \ / // __ `// / / /
2022.12.24 11:14:55 INFO  [info]    / /  / /_/ // // /_/ // /_/ /
2022.12.24 11:14:55 INFO  [info]   /_/  / .___//_/ \__,_/ \__, /
2022.12.24 11:14:55 INFO  [info]       /_/               /____/
2022.12.24 11:14:55 INFO  [info] 
2022.12.24 11:14:55 INFO  [info] Version 2.8.18 running Java 11.0.17
2022.12.24 11:14:55 INFO  [info] 
2022.12.24 11:14:55 INFO  [info] Play is run entirely by the community. Please consider contributing and/or donating:
2022.12.24 11:14:55 INFO  [info] https://www.playframework.com/sponsors
2022.12.24 11:14:55 INFO  [info] 
2022.12.24 11:15:11 INFO  [success] Generated .bloop/root.json
2022.12.24 11:15:11 INFO  [success] Generated .bloop/root-test.json
2022.12.24 11:15:11 INFO  [success] Total time: 12 s, completed Dec 24, 2022, 11:15:11 AM
2022.12.24 11:15:12 INFO  time: ran 'sbt bloopInstall' in 2m26s
2022.12.24 11:15:12 INFO  Attempting to connect to the build server...
2022.12.24 11:15:12 INFO  Setting up current java home /usr/lib/jvm/java-11-openjdk-amd64 in /home/ubuntu/.bloop/bloop.json
2022.12.24 11:15:31 INFO  tracing is disabled for protocol BSP, to enable tracing of incoming and outgoing JSON messages create an empty file at /home/ubuntu/scala/api/juge6-web-api/.metals/bsp.trace.json or /home/ubuntu/.cache/metals/bsp.trace.json
2022.12.24 11:15:34 INFO  running '/usr/lib/jvm/java-11-openjdk-amd64/bin/java -Djline.terminal=jline.UnsupportedTerminal -Dsbt.log.noformat=true -Dfile.encoding=UTF-8 -jar /tmp/metals14446199169964577282/sbt-launch.jar -Dbloop.export-jar-classifiers=sources bloopInstall'
2022.12.24 11:15:38 INFO  Attempting to connect to the build server...
2022.12.24 11:15:38 INFO  Bloop uses /usr/lib/jvm/java-11-openjdk-amd64 defined at /home/ubuntu/.bloop/bloop.json
2022.12.24 11:15:38 INFO  Attempting to connect to the build server...
2022.12.24 11:15:38 INFO  Bloop uses /usr/lib/jvm/java-11-openjdk-amd64 defined at /home/ubuntu/.bloop/bloop.json
2022.12.24 11:15:38 INFO  tracing is disabled for protocol BSP, to enable tracing of incoming and outgoing JSON messages create an empty file at /home/ubuntu/scala/api/juge6-web-api/project/project/.metals/bsp.trace.json or /home/ubuntu/.cache/metals/bsp.trace.json
2022.12.24 11:15:38 INFO  tracing is disabled for protocol BSP, to enable tracing of incoming and outgoing JSON messages create an empty file at /home/ubuntu/scala/api/juge6-web-api/project/.metals/bsp.trace.json or /home/ubuntu/.cache/metals/bsp.trace.json
2022.12.24 11:15:41 INFO  [info] welcome to sbt 1.7.2 (Ubuntu Java 11.0.17)
2022.12.24 11:15:43 INFO  time: Connected to build server in 30s
2022.12.24 11:15:43 INFO  Connected to Build server: Bloop v1.5.4
2022.12.24 11:15:44 INFO  time: Imported build in 1.16s
2022.12.24 11:16:17 INFO  [info] loading settings for project juge6-web-api-build-build-build from metals.sbt ...
2022.12.24 11:16:17 INFO  [info] loading project definition from /home/ubuntu/scala/api/juge6-web-api/project/project/project
2022.12.24 11:16:17 INFO  [info] loading settings for project juge6-web-api-build-build from metals.sbt ...
2022.12.24 11:16:17 INFO  [info] loading project definition from /home/ubuntu/scala/api/juge6-web-api/project/project
2022.12.24 11:16:17 INFO  [success] Generated .bloop/juge6-web-api-build-build.json
2022.12.24 11:16:20 INFO  [success] Total time: 11 s, completed Dec 24, 2022, 11:16:20 AM
2022.12.24 11:16:20 INFO  [info] loading settings for project juge6-web-api-build from metals.sbt,plugins.sbt ...
2022.12.24 11:16:21 INFO  [info] loading project definition from /home/ubuntu/scala/api/juge6-web-api/project
2022.12.24 11:16:27 INFO  [success] Generated .bloop/juge6-web-api-build.json
2022.12.24 11:16:28 INFO  [success] Total time: 7 s, completed Dec 24, 2022, 11:16:28 AM
2022.12.24 11:16:32 INFO  [info] loading settings for project root from build.sbt ...
2022.12.24 11:16:33 INFO  [info]   __              __
2022.12.24 11:16:33 INFO  [info]   \ \     ____   / /____ _ __  __
2022.12.24 11:16:33 INFO  [info]    \ \   / __ \ / // __ `// / / /
2022.12.24 11:16:33 INFO  [info]    / /  / /_/ // // /_/ // /_/ /
2022.12.24 11:16:33 INFO  [info]   /_/  / .___//_/ \__,_/ \__, /
2022.12.24 11:16:33 INFO  [info]       /_/               /____/
2022.12.24 11:16:33 INFO  [info] 
2022.12.24 11:16:33 INFO  [info] Version 2.8.18 running Java 11.0.17
2022.12.24 11:16:33 INFO  [info] 
2022.12.24 11:16:33 INFO  [info] Play is run entirely by the community. Please consider contributing and/or donating:
2022.12.24 11:16:33 INFO  [info] https://www.playframework.com/sponsors
2022.12.24 11:16:33 INFO  [info] 
2022.12.24 11:16:37 WARN  Could not find java sources in /usr/lib/jvm/src.zip, /usr/lib/jvm/lib/src.zip, /usr/lib/jvm/java-11-openjdk-amd64/src.zip, /usr/lib/jvm/java-11-openjdk-amd64/lib/src.zip. Java symbols will not be available.
2022.12.24 11:16:41 INFO  [success] Generated .bloop/root.json
2022.12.24 11:16:41 INFO  [success] Generated .bloop/root-test.json
2022.12.24 11:16:41 INFO  [success] Total time: 3 s, completed Dec 24, 2022, 11:16:41 AM
2022.12.24 11:16:41 INFO  time: ran 'sbt bloopInstall' in 1m7s
2022.12.24 11:16:41 INFO  Disconnecting from Bloop session...
2022.12.24 11:16:43 ERROR timeout: build server 'bloop' during shutdown
2022.12.24 11:16:43 ERROR timeout: build server 'bloop' during shutdown
2022.12.24 11:16:43 ERROR timeout: build server 'bloop' during shutdown
2022.12.24 11:16:43 INFO  Attempting to connect to the build server...
2022.12.24 11:16:43 INFO  Bloop uses /usr/lib/jvm/java-11-openjdk-amd64 defined at /home/ubuntu/.bloop/bloop.json
2022.12.24 11:16:43 INFO  tracing is disabled for protocol BSP, to enable tracing of incoming and outgoing JSON messages create an empty file at /home/ubuntu/scala/api/juge6-web-api/.metals/bsp.trace.json or /home/ubuntu/.cache/metals/bsp.trace.json
2022.12.24 11:16:44 INFO  Attempting to connect to the build server...
2022.12.24 11:16:44 INFO  Bloop uses /usr/lib/jvm/java-11-openjdk-amd64 defined at /home/ubuntu/.bloop/bloop.json
2022.12.24 11:16:44 INFO  Attempting to connect to the build server...
2022.12.24 11:16:44 INFO  Bloop uses /usr/lib/jvm/java-11-openjdk-amd64 defined at /home/ubuntu/.bloop/bloop.json
2022.12.24 11:16:43 INFO  tracing is disabled for protocol BSP, to enable tracing of incoming and outgoing JSON messages create an empty file at /home/ubuntu/scala/api/juge6-web-api/project/.metals/bsp.trace.json or /home/ubuntu/.cache/metals/bsp.trace.json
2022.12.24 11:16:44 INFO  tracing is disabled for protocol BSP, to enable tracing of incoming and outgoing JSON messages create an empty file at /home/ubuntu/scala/api/juge6-web-api/project/project/.metals/bsp.trace.json or /home/ubuntu/.cache/metals/bsp.trace.json
2022.12.24 11:16:44 INFO  time: Connected to build server in 0.33s
2022.12.24 11:16:44 INFO  Connected to Build server: Bloop v1.5.4
2022.12.24 11:16:44 INFO  time: Imported build in 0.58s
2022.12.24 11:16:52 WARN  Could not find java sources in /usr/lib/jvm/src.zip, /usr/lib/jvm/lib/src.zip, /usr/lib/jvm/java-11-openjdk-amd64/src.zip, /usr/lib/jvm/java-11-openjdk-amd64/lib/src.zip. Java symbols will not be available.
2022.12.24 11:16:52 WARN  Could not find java sources in /usr/lib/jvm/src.zip, /usr/lib/jvm/lib/src.zip, /usr/lib/jvm/java-11-openjdk-amd64/src.zip, /usr/lib/jvm/java-11-openjdk-amd64/lib/src.zip. Java symbols will not be available.
2022.12.24 11:16:52 INFO  time: indexed workspace in 1m7s
2022.12.24 11:16:54 WARN  Could not find java sources in /usr/lib/jvm/src.zip, /usr/lib/jvm/lib/src.zip, /usr/lib/jvm/java-11-openjdk-amd64/src.zip, /usr/lib/jvm/java-11-openjdk-amd64/lib/src.zip. Java symbols will not be available.
2022.12.24 11:16:54 WARN  Could not find java sources in /usr/lib/jvm/src.zip, /usr/lib/jvm/lib/src.zip, /usr/lib/jvm/java-11-openjdk-amd64/src.zip, /usr/lib/jvm/java-11-openjdk-amd64/lib/src.zip. Java symbols will not be available.
2022.12.24 11:16:54 WARN  Could not find java sources in /usr/lib/jvm/src.zip, /usr/lib/jvm/lib/src.zip, /usr/lib/jvm/java-11-openjdk-amd64/src.zip, /usr/lib/jvm/java-11-openjdk-amd64/lib/src.zip. Java symbols will not be available.
2022.12.24 11:16:54 INFO  time: indexed workspace in 10s
2022.12.24 11:17:59 INFO  running '/usr/lib/jvm/java-11-openjdk-amd64/bin/java -Djline.terminal=jline.UnsupportedTerminal -Dsbt.log.noformat=true -Dfile.encoding=UTF-8 -jar /tmp/metals17491714487164061301/sbt-launch.jar -Dbloop.export-jar-classifiers=sources bloopInstall'
2022.12.24 11:18:03 INFO  [info] welcome to sbt 1.7.2 (Ubuntu Java 11.0.17)
2022.12.24 11:18:08 INFO  [info] loading settings for project juge6-web-api-build-build-build from metals.sbt ...
2022.12.24 11:18:10 INFO  [info] loading project definition from /home/ubuntu/scala/api/juge6-web-api/project/project/project
2022.12.24 11:18:13 INFO  [info] loading settings for project juge6-web-api-build-build from metals.sbt ...
2022.12.24 11:18:13 INFO  [info] loading project definition from /home/ubuntu/scala/api/juge6-web-api/project/project
2022.12.24 11:18:21 INFO  [success] Generated .bloop/juge6-web-api-build-build.json
2022.12.24 11:18:21 INFO  [success] Total time: 9 s, completed Dec 24, 2022, 11:18:22 AM
2022.12.24 11:18:23 INFO  compiling root (7 scala sources and 1 java source)
2022.12.24 11:18:24 INFO  [info] loading settings for project juge6-web-api-build from metals.sbt,plugins.sbt ...
2022.12.24 11:18:25 INFO  [info] loading project definition from /home/ubuntu/scala/api/juge6-web-api/project
2022.12.24 11:18:44 INFO  [success] Generated .bloop/juge6-web-api-build.json
2022.12.24 11:18:46 INFO  [success] Total time: 21 s, completed Dec 24, 2022, 11:18:46 AM
2022.12.24 11:18:50 INFO  [info] loading settings for project root from build.sbt ...
2022.12.24 11:18:50 INFO  [info]   __              __
2022.12.24 11:18:50 INFO  [info]   \ \     ____   / /____ _ __  __
2022.12.24 11:18:50 INFO  [info]    \ \   / __ \ / // __ `// / / /
2022.12.24 11:18:50 INFO  [info]    / /  / /_/ // // /_/ // /_/ /
2022.12.24 11:18:50 INFO  [info]   /_/  / .___//_/ \__,_/ \__, /
2022.12.24 11:18:51 INFO  [info]       /_/               /____/
2022.12.24 11:18:51 INFO  [info] 
2022.12.24 11:18:51 INFO  [info] Version 2.8.18 running Java 11.0.17
2022.12.24 11:18:51 INFO  [info] 
2022.12.24 11:18:51 INFO  [info] Play is run entirely by the community. Please consider contributing and/or donating:
2022.12.24 11:18:51 INFO  [info] https://www.playframework.com/sponsors
2022.12.24 11:18:51 INFO  [info] 
2022.12.24 11:19:00 INFO  [success] Generated .bloop/root-test.json
2022.12.24 11:19:00 INFO  [success] Generated .bloop/root.json
2022.12.24 11:19:00 INFO  [success] Total time: 4 s, completed Dec 24, 2022, 11:19:00 AM
2022.12.24 11:19:01 INFO  time: ran 'sbt bloopInstall' in 1m1s
2022.12.24 11:19:01 INFO  Disconnecting from Bloop session...
2022.12.24 11:19:01 INFO  Shut down connection with build server.
2022.12.24 11:19:01 INFO  Shut down connection with build server.
2022.12.24 11:19:01 INFO  Shut down connection with build server.
Dec 24, 2022 11:19:01 AM org.eclipse.lsp4j.jsonrpc.RemoteEndpoint notify
INFO: Failed to send notification message.
org.eclipse.lsp4j.jsonrpc.JsonRpcException: java.nio.channels.AsynchronousCloseException
	at org.eclipse.lsp4j.jsonrpc.json.StreamMessageConsumer.consume(StreamMessageConsumer.java:72)
	at org.eclipse.lsp4j.jsonrpc.RemoteEndpoint.notify(RemoteEndpoint.java:126)
	at org.eclipse.lsp4j.jsonrpc.RemoteEndpoint.sendCancelNotification(RemoteEndpoint.java:180)
	at org.eclipse.lsp4j.jsonrpc.RemoteEndpoint$1.cancel(RemoteEndpoint.java:150)
	at scala.meta.internal.metals.BuildServerConnection.$anonfun$register$2(BuildServerConnection.scala:321)
	at scala.runtime.java8.JFunction0$mcZ$sp.apply(JFunction0$mcZ$sp.scala:17)
	at scala.util.Try$.apply(Try.scala:210)
	at scala.meta.internal.metals.BuildServerConnection.$anonfun$register$1(BuildServerConnection.scala:321)
	at scala.meta.internal.metals.Cancelable$$anon$1.cancel(Cancelable.scala:18)
	at scala.meta.internal.metals.Cancelable$.$anonfun$cancelAll$1(Cancelable.scala:29)
	at scala.collection.immutable.List.foreach(List.scala:333)
	at scala.meta.internal.metals.Cancelable$.cancelAll(Cancelable.scala:28)
	at scala.meta.internal.metals.MutableCancelable.cancel(MutableCancelable.scala:25)
	at scala.meta.internal.metals.BuildServerConnection.cancel(BuildServerConnection.scala:258)
	at scala.meta.internal.metals.BuildServerConnection.$anonfun$shutdown$1(BuildServerConnection.scala:122)
	at scala.meta.internal.metals.BuildServerConnection.$anonfun$shutdown$1$adapted(BuildServerConnection.scala:115)
	at scala.concurrent.impl.Promise$Transformation.run(Promise.scala:467)
	at java.base/java.util.concurrent.ThreadPoolExecutor.runWorker(ThreadPoolExecutor.java:1128)
	at java.base/java.util.concurrent.ThreadPoolExecutor$Worker.run(ThreadPoolExecutor.java:628)
	at java.base/java.lang.Thread.run(Thread.java:829)
Caused by: java.nio.channels.AsynchronousCloseException
	at java.base/java.nio.channels.spi.AbstractInterruptibleChannel.end(AbstractInterruptibleChannel.java:202)
	at java.base/sun.nio.ch.SinkChannelImpl.endWrite(SinkChannelImpl.java:241)
	at java.base/sun.nio.ch.SinkChannelImpl.write(SinkChannelImpl.java:259)
	at java.base/java.nio.channels.Channels.writeFullyImpl(Channels.java:74)
	at java.base/java.nio.channels.Channels.writeFully(Channels.java:94)
	at java.base/java.nio.channels.Channels$1.write(Channels.java:172)
	at java.base/java.io.OutputStream.write(OutputStream.java:122)
	at java.base/java.nio.channels.Channels$1.write(Channels.java:152)
	at scala.meta.internal.metals.ClosableOutputStream.write(ClosableOutputStream.scala:26)
	at java.base/java.io.FilterOutputStream.write(FilterOutputStream.java:137)
	at java.base/java.io.FilterOutputStream.write(FilterOutputStream.java:108)
	at org.eclipse.lsp4j.jsonrpc.json.StreamMessageConsumer.consume(StreamMessageConsumer.java:67)
	... 19 more

2022.12.24 11:19:01 INFO  Attempting to connect to the build server...
2022.12.24 11:19:01 INFO  Cancelling compilation on Bloop server
2022.12.24 11:19:01 INFO  Bloop uses /usr/lib/jvm/java-11-openjdk-amd64 defined at /home/ubuntu/.bloop/bloop.json
2022.12.24 11:19:35 INFO  tracing is disabled for protocol BSP, to enable tracing of incoming and outgoing JSON messages create an empty file at /home/ubuntu/scala/api/juge6-web-api/.metals/bsp.trace.json or /home/ubuntu/.cache/metals/bsp.trace.json
2022.12.24 11:19:35 INFO  Attempting to connect to the build server...
2022.12.24 11:19:35 INFO  Bloop uses /usr/lib/jvm/java-11-openjdk-amd64 defined at /home/ubuntu/.bloop/bloop.json
2022.12.24 11:19:35 INFO  Attempting to connect to the build server...
2022.12.24 11:19:35 INFO  Bloop uses /usr/lib/jvm/java-11-openjdk-amd64 defined at /home/ubuntu/.bloop/bloop.json
2022.12.24 11:19:36 INFO  tracing is disabled for protocol BSP, to enable tracing of incoming and outgoing JSON messages create an empty file at /home/ubuntu/scala/api/juge6-web-api/project/project/.metals/bsp.trace.json or /home/ubuntu/.cache/metals/bsp.trace.json
2022.12.24 11:19:36 INFO  tracing is disabled for protocol BSP, to enable tracing of incoming and outgoing JSON messages create an empty file at /home/ubuntu/scala/api/juge6-web-api/project/.metals/bsp.trace.json or /home/ubuntu/.cache/metals/bsp.trace.json
2022.12.24 11:19:36 INFO  time: Connected to build server in 34s
2022.12.24 11:19:36 INFO  Connected to Build server: Bloop v1.5.4
2022.12.24 11:19:36 INFO  time: Imported build in 0.57s
2022.12.24 11:19:51 WARN  Could not find java sources in /usr/lib/jvm/src.zip, /usr/lib/jvm/lib/src.zip, /usr/lib/jvm/java-11-openjdk-amd64/src.zip, /usr/lib/jvm/java-11-openjdk-amd64/lib/src.zip. Java symbols will not be available.
2022.12.24 11:19:51 WARN  Could not find java sources in /usr/lib/jvm/src.zip, /usr/lib/jvm/lib/src.zip, /usr/lib/jvm/java-11-openjdk-amd64/src.zip, /usr/lib/jvm/java-11-openjdk-amd64/lib/src.zip. Java symbols will not be available.
2022.12.24 11:19:51 WARN  Could not find java sources in /usr/lib/jvm/src.zip, /usr/lib/jvm/lib/src.zip, /usr/lib/jvm/java-11-openjdk-amd64/src.zip, /usr/lib/jvm/java-11-openjdk-amd64/lib/src.zip. Java symbols will not be available.
2022.12.24 11:19:52 INFO  Bloop uses /usr/lib/jvm/java-11-openjdk-amd64 defined at /home/ubuntu/.bloop/bloop.json
2022.12.24 11:19:52 INFO  Bloop uses /usr/lib/jvm/java-11-openjdk-amd64 defined at /home/ubuntu/.bloop/bloop.json
2022.12.24 11:19:52 INFO  Bloop uses /usr/lib/jvm/java-11-openjdk-amd64 defined at /home/ubuntu/.bloop/bloop.json
2022.12.24 11:19:51 INFO  time: indexed workspace in 15s
2022.12.24 11:19:52 INFO  Bloop uses /usr/lib/jvm/java-11-openjdk-amd64 defined at /home/ubuntu/.bloop/bloop.json
2022.12.24 11:19:52 INFO  tracing is disabled for protocol BSP, to enable tracing of incoming and outgoing JSON messages create an empty file at /home/ubuntu/scala/api/juge6-web-api/project/.metals/bsp.trace.json or /home/ubuntu/.cache/metals/bsp.trace.json
2022.12.24 11:19:52 INFO  tracing is disabled for protocol BSP, to enable tracing of incoming and outgoing JSON messages create an empty file at /home/ubuntu/scala/api/juge6-web-api/project/project/.metals/bsp.trace.json or /home/ubuntu/.cache/metals/bsp.trace.json
2022.12.24 11:19:52 INFO  tracing is disabled for protocol BSP, to enable tracing of incoming and outgoing JSON messages create an empty file at /home/ubuntu/scala/api/juge6-web-api/.metals/bsp.trace.json or /home/ubuntu/.cache/metals/bsp.trace.json
2022.12.24 11:19:52 INFO  tracing is disabled for protocol BSP, to enable tracing of incoming and outgoing JSON messages create an empty file at /home/ubuntu/scala/api/juge6-web-api/.metals/bsp.trace.json or /home/ubuntu/.cache/metals/bsp.trace.json
2022.12.24 11:19:52 INFO  Connected to Build server: Bloop v1.5.4
2022.12.24 11:19:52 INFO  Connected to Build server: Bloop v1.5.4
2022.12.24 11:19:56 INFO  time: Imported build in 0.69s
2022.12.24 11:19:56 INFO  time: Imported build in 0.73s
2022.12.24 11:20:24 WARN  Could not find java sources in /usr/lib/jvm/src.zip, /usr/lib/jvm/lib/src.zip, /usr/lib/jvm/java-11-openjdk-amd64/src.zip, /usr/lib/jvm/java-11-openjdk-amd64/lib/src.zip. Java symbols will not be available.
2022.12.24 11:20:24 WARN  Could not find java sources in /usr/lib/jvm/src.zip, /usr/lib/jvm/lib/src.zip, /usr/lib/jvm/java-11-openjdk-amd64/src.zip, /usr/lib/jvm/java-11-openjdk-amd64/lib/src.zip. Java symbols will not be available.
2022.12.24 11:20:24 WARN  Could not find java sources in /usr/lib/jvm/src.zip, /usr/lib/jvm/lib/src.zip, /usr/lib/jvm/java-11-openjdk-amd64/src.zip, /usr/lib/jvm/java-11-openjdk-amd64/lib/src.zip. Java symbols will not be available.
2022.12.24 11:20:24 WARN  Could not find java sources in /usr/lib/jvm/src.zip, /usr/lib/jvm/lib/src.zip, /usr/lib/jvm/java-11-openjdk-amd64/src.zip, /usr/lib/jvm/java-11-openjdk-amd64/lib/src.zip. Java symbols will not be available.
2022.12.24 11:20:24 INFO  time: indexed workspace in 28s
2022.12.24 11:20:24 WARN  Could not find java sources in /usr/lib/jvm/src.zip, /usr/lib/jvm/lib/src.zip, /usr/lib/jvm/java-11-openjdk-amd64/src.zip, /usr/lib/jvm/java-11-openjdk-amd64/lib/src.zip. Java symbols will not be available.
2022.12.24 11:20:24 WARN  Could not find java sources in /usr/lib/jvm/src.zip, /usr/lib/jvm/lib/src.zip, /usr/lib/jvm/java-11-openjdk-amd64/src.zip, /usr/lib/jvm/java-11-openjdk-amd64/lib/src.zip. Java symbols will not be available.
2022.12.24 11:20:24 INFO  time: indexed workspace in 28s
2022.12.24 11:30:19 INFO  Bloop uses /usr/lib/jvm/java-11-openjdk-amd64 defined at /home/ubuntu/.bloop/bloop.json
2022.12.24 11:30:20 INFO  tracing is disabled for protocol BSP, to enable tracing of incoming and outgoing JSON messages create an empty file at /home/ubuntu/scala/api/juge6-web-api/.metals/bsp.trace.json or /home/ubuntu/.cache/metals/bsp.trace.json
2022.12.24 11:30:20 INFO  Connected to Build server: Bloop v1.5.4
2022.12.24 11:30:20 INFO  Bloop uses /usr/lib/jvm/java-11-openjdk-amd64 defined at /home/ubuntu/.bloop/bloop.json
2022.12.24 11:30:20 INFO  Bloop uses /usr/lib/jvm/java-11-openjdk-amd64 defined at /home/ubuntu/.bloop/bloop.json
2022.12.24 11:30:20 INFO  tracing is disabled for protocol BSP, to enable tracing of incoming and outgoing JSON messages create an empty file at /home/ubuntu/scala/api/juge6-web-api/project/.metals/bsp.trace.json or /home/ubuntu/.cache/metals/bsp.trace.json
2022.12.24 11:30:21 INFO  tracing is disabled for protocol BSP, to enable tracing of incoming and outgoing JSON messages create an empty file at /home/ubuntu/scala/api/juge6-web-api/project/project/.metals/bsp.trace.json or /home/ubuntu/.cache/metals/bsp.trace.json
2022.12.24 11:31:05 WARN  no build target for: /home/ubuntu/scala/api/juge6-web-api/project/project/project/metals.sbt
2022.12.24 11:31:07 INFO  no build target found for /home/ubuntu/scala/api/juge6-web-api/project/project/project/metals.sbt. Using presentation compiler with project's scala-library version: 2.13.9
Dec 24, 2022 1:06:41 PM org.eclipse.lsp4j.jsonrpc.RemoteEndpoint handleCancellation
WARNING: Unmatched cancel notification for request id 31
Dec 24, 2022 1:06:43 PM org.eclipse.lsp4j.jsonrpc.RemoteEndpoint handleCancellation
WARNING: Unmatched cancel notification for request id 33
Dec 24, 2022 1:06:43 PM org.eclipse.lsp4j.jsonrpc.RemoteEndpoint handleCancellation
WARNING: Unmatched cancel notification for request id 30
2022.12.24 13:06:43 INFO  time: code lens generation in 2.92s
Dec 24, 2022 2:11:13 PM org.eclipse.lsp4j.jsonrpc.services.GenericEndpoint notify
INFO: Unsupported notification method: $/setTrace
Dec 24, 2022 2:23:44 PM org.eclipse.lsp4j.jsonrpc.services.GenericEndpoint notify
INFO: Unsupported notification method: $/setTrace
2022.12.24 14:24:20 INFO  Bloop uses /usr/lib/jvm/java-11-openjdk-amd64 defined at /home/ubuntu/.bloop/bloop.json
Dec 24, 2022 2:24:21 PM org.eclipse.lsp4j.jsonrpc.RemoteEndpoint handleCancellation
WARNING: Unmatched cancel notification for request id 44
Dec 24, 2022 2:24:33 PM org.eclipse.lsp4j.jsonrpc.RemoteEndpoint handleCancellation
WARNING: Unmatched cancel notification for request id 83
Dec 24, 2022 2:24:33 PM org.eclipse.lsp4j.jsonrpc.RemoteEndpoint handleCancellation
WARNING: Unmatched cancel notification for request id 85
Dec 24, 2022 2:24:33 PM org.eclipse.lsp4j.jsonrpc.RemoteEndpoint handleCancellation
WARNING: Unmatched cancel notification for request id 88
Dec 24, 2022 2:24:34 PM org.eclipse.lsp4j.jsonrpc.RemoteEndpoint handleCancellation
WARNING: Unmatched cancel notification for request id 90
2022.12.24 14:24:34 INFO  tracing is disabled for protocol BSP, to enable tracing of incoming and outgoing JSON messages create an empty file at /home/ubuntu/scala/api/juge6-web-api/.metals/bsp.trace.json or /home/ubuntu/.cache/metals/bsp.trace.json
2022.12.24 14:24:37 INFO  Connected to Build server: Bloop v1.5.4
2022.12.24 14:24:37 INFO  Bloop uses /usr/lib/jvm/java-11-openjdk-amd64 defined at /home/ubuntu/.bloop/bloop.json
2022.12.24 14:24:38 INFO  Bloop uses /usr/lib/jvm/java-11-openjdk-amd64 defined at /home/ubuntu/.bloop/bloop.json
2022.12.24 14:24:38 INFO  tracing is disabled for protocol BSP, to enable tracing of incoming and outgoing JSON messages create an empty file at /home/ubuntu/scala/api/juge6-web-api/project/project/.metals/bsp.trace.json or /home/ubuntu/.cache/metals/bsp.trace.json
2022.12.24 14:24:40 INFO  tracing is disabled for protocol BSP, to enable tracing of incoming and outgoing JSON messages create an empty file at /home/ubuntu/scala/api/juge6-web-api/project/.metals/bsp.trace.json or /home/ubuntu/.cache/metals/bsp.trace.json
2022.12.24 14:24:58 INFO  compiling root (1 scala source)
Dec 24, 2022 2:26:09 PM org.eclipse.lsp4j.jsonrpc.RemoteEndpoint handleCancellation
WARNING: Unmatched cancel notification for request id 115
Dec 24, 2022 2:26:10 PM org.eclipse.lsp4j.jsonrpc.RemoteEndpoint handleCancellation
WARNING: Unmatched cancel notification for request id 118
Dec 24, 2022 2:26:10 PM org.eclipse.lsp4j.jsonrpc.RemoteEndpoint handleCancellation
WARNING: Unmatched cancel notification for request id 133
2022.12.24 14:28:27 ERROR timeout: build server 'bloop' during shutdown
2022.12.24 14:28:27 ERROR timeout: build server 'bloop' during shutdown
2022.12.24 14:28:27 ERROR timeout: build server 'bloop' during shutdown
2022.12.24 14:28:30 INFO  Cancelling compilation on Bloop server
2022.12.24 14:28:30 INFO  Cancelling compilation on Bloop server
2022.12.24 14:28:30 INFO  Cancelling compilation on Bloop server
2022.12.24 14:28:30 INFO  Cancelling compilation on Bloop server
2022.12.24 14:28:30 INFO  Cancelling compilation on Bloop server
2022.12.24 14:28:30 INFO  Cancelling compilation on Bloop server
java.util.concurrent.RejectedExecutionException: Task Future(<not completed>) rejected from java.util.concurrent.ThreadPoolExecutor@2cdbea55[Shutting down, pool size = 7, active threads = 7, queued tasks = 0, completed tasks = 3957]
	at java.base/java.util.concurrent.ThreadPoolExecutor$AbortPolicy.rejectedExecution(ThreadPoolExecutor.java:2055)
	at java.base/java.util.concurrent.ThreadPoolExecutor.reject(ThreadPoolExecutor.java:825)
	at java.base/java.util.concurrent.ThreadPoolExecutor.execute(ThreadPoolExecutor.java:1355)
	at scala.concurrent.impl.ExecutionContextImpl.execute(ExecutionContextImpl.scala:21)
	at scala.concurrent.impl.Promise$Transformation.submitWithValue(Promise.scala:429)
	at scala.concurrent.impl.Promise$DefaultPromise.submitWithValue(Promise.scala:338)
	at scala.concurrent.impl.Promise$DefaultPromise.tryComplete0(Promise.scala:285)
	at scala.concurrent.impl.Promise$Transformation.handleFailure(Promise.scala:444)
	at scala.concurrent.impl.Promise$Transformation.submitWithValue(Promise.scala:435)
	at scala.concurrent.impl.Promise$DefaultPromise.submitWithValue(Promise.scala:338)
	at scala.concurrent.impl.Promise$DefaultPromise.tryComplete0(Promise.scala:285)
	at scala.concurrent.impl.Promise$Transformation.run(Promise.scala:504)
	at java.base/java.util.concurrent.ThreadPoolExecutor.runWorker(ThreadPoolExecutor.java:1128)
	at java.base/java.util.concurrent.ThreadPoolExecutor$Worker.run(ThreadPoolExecutor.java:628)
	at java.base/java.lang.Thread.run(Thread.java:829)
java.util.concurrent.RejectedExecutionException: Task Future(<not completed>) rejected from java.util.concurrent.ThreadPoolExecutor@2cdbea55[Shutting down, pool size = 7, active threads = 7, queued tasks = 0, completed tasks = 3957]
	at java.base/java.util.concurrent.ThreadPoolExecutor$AbortPolicy.rejectedExecution(ThreadPoolExecutor.java:2055)
	at java.base/java.util.concurrent.ThreadPoolExecutor.reject(ThreadPoolExecutor.java:825)
	at java.base/java.util.concurrent.ThreadPoolExecutor.execute(ThreadPoolExecutor.java:1355)
	at scala.concurrent.impl.ExecutionContextImpl.execute(ExecutionContextImpl.scala:21)
	at scala.concurrent.impl.Promise$Transformation.submitWithValue(Promise.scala:429)
	at scala.concurrent.impl.Promise$DefaultPromise.submitWithValue(Promise.scala:338)
	at scala.concurrent.impl.Promise$DefaultPromise.tryComplete0(Promise.scala:285)
	at scala.concurrent.impl.Promise$Transformation.handleFailure(Promise.scala:444)
	at scala.concurrent.impl.Promise$Transformation.submitWithValue(Promise.scala:435)
	at scala.concurrent.impl.Promise$DefaultPromise.submitWithValue(Promise.scala:338)
	at scala.concurrent.impl.Promise$DefaultPromise.tryComplete0(Promise.scala:285)
	at scala.concurrent.impl.Promise$Transformation.run(Promise.scala:504)
	at java.base/java.util.concurrent.ThreadPoolExecutor.runWorker(ThreadPoolExecutor.java:1128)
	at java.base/java.util.concurrent.ThreadPoolExecutor$Worker.run(ThreadPoolExecutor.java:628)
	at java.base/java.lang.Thread.run(Thread.java:829)
java.util.concurrent.RejectedExecutionException: Task Future(<not completed>) rejected from java.util.concurrent.ThreadPoolExecutor@2cdbea55[Shutting down, pool size = 7, active threads = 7, queued tasks = 0, completed tasks = 3957]
	at java.base/java.util.concurrent.ThreadPoolExecutor$AbortPolicy.rejectedExecution(ThreadPoolExecutor.java:2055)
	at java.base/java.util.concurrent.ThreadPoolExecutor.reject(ThreadPoolExecutor.java:825)
	at java.base/java.util.concurrent.ThreadPoolExecutor.execute(ThreadPoolExecutor.java:1355)
	at scala.concurrent.impl.ExecutionContextImpl.execute(ExecutionContextImpl.scala:21)
	at scala.concurrent.impl.Promise$Transformation.submitWithValue(Promise.scala:429)
	at scala.concurrent.impl.Promise$DefaultPromise.submitWithValue(Promise.scala:338)
	at scala.concurrent.impl.Promise$DefaultPromise.tryComplete0(Promise.scala:285)
	at scala.concurrent.impl.Promise$Transformation.handleFailure(Promise.scala:444)
	at scala.concurrent.impl.Promise$Transformation.submitWithValue(Promise.scala:435)
	at scala.concurrent.impl.Promise$DefaultPromise.submitWithValue(Promise.scala:338)
	at scala.concurrent.impl.Promise$DefaultPromise.tryComplete0(Promise.scala:285)
	at scala.concurrent.impl.Promise$Transformation.run(Promise.scala:504)
	at java.base/java.util.concurrent.ThreadPoolExecutor.runWorker(ThreadPoolExecutor.java:1128)
	at java.base/java.util.concurrent.ThreadPoolExecutor$Worker.run(ThreadPoolExecutor.java:628)
	at java.base/java.lang.Thread.run(Thread.java:829)
java.util.concurrent.RejectedExecutionException: Task Future(<not completed>) rejected from java.util.concurrent.ThreadPoolExecutor@2cdbea55[Shutting down, pool size = 7, active threads = 7, queued tasks = 0, completed tasks = 3957]
	at java.base/java.util.concurrent.ThreadPoolExecutor$AbortPolicy.rejectedExecution(ThreadPoolExecutor.java:2055)
	at java.base/java.util.concurrent.ThreadPoolExecutor.reject(ThreadPoolExecutor.java:825)
	at java.base/java.util.concurrent.ThreadPoolExecutor.execute(ThreadPoolExecutor.java:1355)
	at scala.concurrent.impl.ExecutionContextImpl.execute(ExecutionContextImpl.scala:21)
	at scala.concurrent.impl.Promise$Transformation.submitWithValue(Promise.scala:429)
	at scala.concurrent.impl.Promise$DefaultPromise.submitWithValue(Promise.scala:338)
	at scala.concurrent.impl.Promise$DefaultPromise.tryComplete0(Promise.scala:285)
	at scala.concurrent.impl.Promise$Transformation.handleFailure(Promise.scala:444)
	at scala.concurrent.impl.Promise$Transformation.submitWithValue(Promise.scala:435)
	at scala.concurrent.impl.Promise$DefaultPromise.submitWithValue(Promise.scala:338)
	at scala.concurrent.impl.Promise$DefaultPromise.tryComplete0(Promise.scala:285)
	at scala.concurrent.impl.Promise$Transformation.run(Promise.scala:504)
	at java.base/java.util.concurrent.ThreadPoolExecutor.runWorker(ThreadPoolExecutor.java:1128)
	at java.base/java.util.concurrent.ThreadPoolExecutor$Worker.run(ThreadPoolExecutor.java:628)
	at java.base/java.lang.Thread.run(Thread.java:829)
java.util.concurrent.RejectedExecutionException: Task Future(<not completed>) rejected from java.util.concurrent.ThreadPoolExecutor@2cdbea55[Shutting down, pool size = 7, active threads = 7, queued tasks = 0, completed tasks = 3957]
	at java.base/java.util.concurrent.ThreadPoolExecutor$AbortPolicy.rejectedExecution(ThreadPoolExecutor.java:2055)
	at java.base/java.util.concurrent.ThreadPoolExecutor.reject(ThreadPoolExecutor.java:825)
	at java.base/java.util.concurrent.ThreadPoolExecutor.execute(ThreadPoolExecutor.java:1355)
	at scala.concurrent.impl.ExecutionContextImpl.execute(ExecutionContextImpl.scala:21)
	at scala.concurrent.impl.Promise$Transformation.submitWithValue(Promise.scala:429)
	at scala.concurrent.impl.Promise$DefaultPromise.submitWithValue(Promise.scala:338)
	at scala.concurrent.impl.Promise$DefaultPromise.tryComplete0(Promise.scala:285)
	at scala.concurrent.impl.Promise$Transformation.handleFailure(Promise.scala:444)
	at scala.concurrent.impl.Promise$Transformation.submitWithValue(Promise.scala:435)
	at scala.concurrent.impl.Promise$DefaultPromise.submitWithValue(Promise.scala:338)
	at scala.concurrent.impl.Promise$DefaultPromise.tryComplete0(Promise.scala:285)
	at scala.concurrent.impl.Promise$Transformation.run(Promise.scala:504)
	at java.base/java.util.concurrent.ThreadPoolExecutor.runWorker(ThreadPoolExecutor.java:1128)
	at java.base/java.util.concurrent.ThreadPoolExecutor$Worker.run(ThreadPoolExecutor.java:628)
	at java.base/java.lang.Thread.run(Thread.java:829)
java.util.concurrent.RejectedExecutionException: Task Future(<not completed>) rejected from java.util.concurrent.ThreadPoolExecutor@2cdbea55[Shutting down, pool size = 7, active threads = 7, queued tasks = 0, completed tasks = 3957]
	at java.base/java.util.concurrent.ThreadPoolExecutor$AbortPolicy.rejectedExecution(ThreadPoolExecutor.java:2055)
	at java.base/java.util.concurrent.ThreadPoolExecutor.reject(ThreadPoolExecutor.java:825)
	at java.base/java.util.concurrent.ThreadPoolExecutor.execute(ThreadPoolExecutor.java:1355)
	at scala.concurrent.impl.ExecutionContextImpl.execute(ExecutionContextImpl.scala:21)
	at scala.concurrent.impl.Promise$Transformation.submitWithValue(Promise.scala:429)
	at scala.concurrent.impl.Promise$DefaultPromise.submitWithValue(Promise.scala:338)
	at scala.concurrent.impl.Promise$DefaultPromise.tryComplete0(Promise.scala:285)
	at scala.concurrent.impl.Promise$Transformation.handleFailure(Promise.scala:444)
	at scala.concurrent.impl.Promise$Transformation.submitWithValue(Promise.scala:435)
	at scala.concurrent.impl.Promise$DefaultPromise.submitWithValue(Promise.scala:338)
	at scala.concurrent.impl.Promise$DefaultPromise.tryComplete0(Promise.scala:285)
	at scala.concurrent.impl.Promise$Transformation.run(Promise.scala:504)
	at java.base/java.util.concurrent.ThreadPoolExecutor.runWorker(ThreadPoolExecutor.java:1128)
	at java.base/java.util.concurrent.ThreadPoolExecutor$Worker.run(ThreadPoolExecutor.java:628)
	at java.base/java.lang.Thread.run(Thread.java:829)
java.util.concurrent.RejectedExecutionException: Task Future(<not completed>) rejected from java.util.concurrent.ThreadPoolExecutor@2cdbea55[Shutting down, pool size = 1, active threads = 1, queued tasks = 0, completed tasks = 3963]
	at java.base/java.util.concurrent.ThreadPoolExecutor$AbortPolicy.rejectedExecution(ThreadPoolExecutor.java:2055)
	at java.base/java.util.concurrent.ThreadPoolExecutor.reject(ThreadPoolExecutor.java:825)
	at java.base/java.util.concurrent.ThreadPoolExecutor.execute(ThreadPoolExecutor.java:1355)
	at scala.concurrent.impl.ExecutionContextImpl.execute(ExecutionContextImpl.scala:21)
	at scala.concurrent.impl.Promise$Transformation.submitWithValue(Promise.scala:429)
	at scala.concurrent.impl.Promise$DefaultPromise.submitWithValue(Promise.scala:338)
	at scala.concurrent.impl.Promise$DefaultPromise.dispatchOrAddCallbacks(Promise.scala:312)
	at scala.concurrent.impl.Promise$DefaultPromise.onComplete(Promise.scala:216)
	at scala.meta.internal.metals.CancelTokens$.future(CancelTokens.scala:38)
	at scala.meta.internal.metals.BuildServerConnection.register(BuildServerConnection.scala:361)
	at scala.meta.internal.metals.BuildServerConnection.mainClasses(BuildServerConnection.scala:169)
	at scala.meta.internal.metals.debug.BuildTargetClasses.$anonfun$fetchClasses$2(BuildTargetClasses.scala:74)
	at scala.concurrent.Future$.$anonfun$traverse$1(Future.scala:861)
	at scala.collection.IterableOnceOps.foldLeft(IterableOnce.scala:675)
	at scala.collection.IterableOnceOps.foldLeft$(IterableOnce.scala:669)
	at scala.collection.AbstractIterator.foldLeft(Iterator.scala:1300)
	at scala.concurrent.Future$.traverse(Future.scala:861)
	at scala.meta.internal.metals.debug.BuildTargetClasses.fetchClasses(BuildTargetClasses.scala:65)
	at scala.meta.internal.metals.debug.BuildTargetClasses.$anonfun$rebuildIndex$1(BuildTargetClasses.scala:25)
	at scala.Function1.$anonfun$andThen$1(Function1.scala:87)
	at scala.meta.internal.metals.BatchedFunction.runRelease(BatchedFunction.scala:110)
	at scala.meta.internal.metals.BatchedFunction.runAcquire(BatchedFunction.scala:92)
	at scala.meta.internal.metals.BatchedFunction.unlock(BatchedFunction.scala:87)
	at scala.meta.internal.metals.BatchedFunction.$anonfun$runRelease$7(BatchedFunction.scala:119)
	at scala.meta.internal.metals.BatchedFunction.$anonfun$runRelease$7$adapted(BatchedFunction.scala:118)
	at scala.concurrent.impl.Promise$Transformation.run(Promise.scala:484)
	at java.base/java.util.concurrent.ThreadPoolExecutor.runWorker(ThreadPoolExecutor.java:1128)
	at java.base/java.util.concurrent.ThreadPoolExecutor$Worker.run(ThreadPoolExecutor.java:628)
	at java.base/java.lang.Thread.run(Thread.java:829)
java.util.concurrent.RejectedExecutionException: Task Future(<not completed>) rejected from java.util.concurrent.ThreadPoolExecutor@2cdbea55[Shutting down, pool size = 1, active threads = 1, queued tasks = 0, completed tasks = 3963]
	at java.base/java.util.concurrent.ThreadPoolExecutor$AbortPolicy.rejectedExecution(ThreadPoolExecutor.java:2055)
	at java.base/java.util.concurrent.ThreadPoolExecutor.reject(ThreadPoolExecutor.java:825)
	at java.base/java.util.concurrent.ThreadPoolExecutor.execute(ThreadPoolExecutor.java:1355)
	at scala.concurrent.impl.ExecutionContextImpl.execute(ExecutionContextImpl.scala:21)
	at scala.concurrent.impl.Promise$Transformation.submitWithValue(Promise.scala:429)
	at scala.concurrent.impl.Promise$DefaultPromise.submitWithValue(Promise.scala:338)
	at scala.concurrent.impl.Promise$DefaultPromise.dispatchOrAddCallbacks(Promise.scala:312)
	at scala.concurrent.impl.Promise$DefaultPromise.onComplete(Promise.scala:216)
	at scala.meta.internal.metals.CancelTokens$.future(CancelTokens.scala:38)
	at scala.meta.internal.metals.BuildServerConnection.register(BuildServerConnection.scala:361)
	at scala.meta.internal.metals.BuildServerConnection.testClasses(BuildServerConnection.scala:175)
	at scala.meta.internal.metals.debug.BuildTargetClasses.$anonfun$fetchClasses$2(BuildTargetClasses.scala:78)
	at scala.concurrent.Future$.$anonfun$traverse$1(Future.scala:861)
	at scala.collection.IterableOnceOps.foldLeft(IterableOnce.scala:675)
	at scala.collection.IterableOnceOps.foldLeft$(IterableOnce.scala:669)
	at scala.collection.AbstractIterator.foldLeft(Iterator.scala:1300)
	at scala.concurrent.Future$.traverse(Future.scala:861)
	at scala.meta.internal.metals.debug.BuildTargetClasses.fetchClasses(BuildTargetClasses.scala:65)
	at scala.meta.internal.metals.debug.BuildTargetClasses.$anonfun$rebuildIndex$1(BuildTargetClasses.scala:25)
	at scala.Function1.$anonfun$andThen$1(Function1.scala:87)
	at scala.meta.internal.metals.BatchedFunction.runRelease(BatchedFunction.scala:110)
	at scala.meta.internal.metals.BatchedFunction.runAcquire(BatchedFunction.scala:92)
	at scala.meta.internal.metals.BatchedFunction.unlock(BatchedFunction.scala:87)
	at scala.meta.internal.metals.BatchedFunction.$anonfun$runRelease$7(BatchedFunction.scala:119)
	at scala.meta.internal.metals.BatchedFunction.$anonfun$runRelease$7$adapted(BatchedFunction.scala:118)
	at scala.concurrent.impl.Promise$Transformation.run(Promise.scala:484)
	at java.base/java.util.concurrent.ThreadPoolExecutor.runWorker(ThreadPoolExecutor.java:1128)
	at java.base/java.util.concurrent.ThreadPoolExecutor$Worker.run(ThreadPoolExecutor.java:628)
	at java.base/java.lang.Thread.run(Thread.java:829)
java.util.concurrent.RejectedExecutionException: Task Future(<not completed>) rejected from java.util.concurrent.ThreadPoolExecutor@2cdbea55[Shutting down, pool size = 1, active threads = 1, queued tasks = 0, completed tasks = 3963]
	at java.base/java.util.concurrent.ThreadPoolExecutor$AbortPolicy.rejectedExecution(ThreadPoolExecutor.java:2055)
	at java.base/java.util.concurrent.ThreadPoolExecutor.reject(ThreadPoolExecutor.java:825)
	at java.base/java.util.concurrent.ThreadPoolExecutor.execute(ThreadPoolExecutor.java:1355)
	at scala.concurrent.impl.ExecutionContextImpl.execute(ExecutionContextImpl.scala:21)
	at scala.concurrent.impl.Promise$Transformation.submitWithValue(Promise.scala:429)
	at scala.concurrent.impl.Promise$DefaultPromise.submitWithValue(Promise.scala:338)
	at scala.concurrent.impl.Promise$DefaultPromise.dispatchOrAddCallbacks(Promise.scala:312)
	at scala.concurrent.impl.Promise$DefaultPromise.onComplete(Promise.scala:216)
	at scala.meta.internal.metals.CancelTokens$.future(CancelTokens.scala:38)
	at scala.meta.internal.metals.BuildServerConnection.register(BuildServerConnection.scala:361)
	at scala.meta.internal.metals.BuildServerConnection.mainClasses(BuildServerConnection.scala:169)
	at scala.meta.internal.metals.debug.BuildTargetClasses.$anonfun$fetchClasses$2(BuildTargetClasses.scala:74)
	at scala.concurrent.Future$.$anonfun$traverse$1(Future.scala:861)
	at scala.collection.IterableOnceOps.foldLeft(IterableOnce.scala:675)
	at scala.collection.IterableOnceOps.foldLeft$(IterableOnce.scala:669)
	at scala.collection.AbstractIterator.foldLeft(Iterator.scala:1300)
	at scala.concurrent.Future$.traverse(Future.scala:861)
	at scala.meta.internal.metals.debug.BuildTargetClasses.fetchClasses(BuildTargetClasses.scala:65)
	at scala.meta.internal.metals.debug.BuildTargetClasses.$anonfun$rebuildIndex$1(BuildTargetClasses.scala:25)
	at scala.Function1.$anonfun$andThen$1(Function1.scala:87)
	at scala.meta.internal.metals.BatchedFunction.runRelease(BatchedFunction.scala:110)
	at scala.meta.internal.metals.BatchedFunction.runAcquire(BatchedFunction.scala:92)
	at scala.meta.internal.metals.BatchedFunction.unlock(BatchedFunction.scala:87)
	at scala.meta.internal.metals.BatchedFunction.$anonfun$runRelease$7(BatchedFunction.scala:119)
	at scala.meta.internal.metals.BatchedFunction.$anonfun$runRelease$7$adapted(BatchedFunction.scala:118)
	at scala.concurrent.impl.Promise$Transformation.run(Promise.scala:484)
	at java.base/java.util.concurrent.ThreadPoolExecutor.runWorker(ThreadPoolExecutor.java:1128)
	at java.base/java.util.concurrent.ThreadPoolExecutor$Worker.run(ThreadPoolExecutor.java:628)
	at java.base/java.lang.Thread.run(Thread.java:829)
java.util.concurrent.RejectedExecutionException: Task Future(<not completed>) rejected from java.util.concurrent.ThreadPoolExecutor@2cdbea55[Shutting down, pool size = 1, active threads = 1, queued tasks = 0, completed tasks = 3963]
	at java.base/java.util.concurrent.ThreadPoolExecutor$AbortPolicy.rejectedExecution(ThreadPoolExecutor.java:2055)
	at java.base/java.util.concurrent.ThreadPoolExecutor.reject(ThreadPoolExecutor.java:825)
	at java.base/java.util.concurrent.ThreadPoolExecutor.execute(ThreadPoolExecutor.java:1355)
	at scala.concurrent.impl.ExecutionContextImpl.execute(ExecutionContextImpl.scala:21)
	at scala.concurrent.impl.Promise$Transformation.submitWithValue(Promise.scala:429)
	at scala.concurrent.impl.Promise$DefaultPromise.submitWithValue(Promise.scala:338)
	at scala.concurrent.impl.Promise$DefaultPromise.dispatchOrAddCallbacks(Promise.scala:312)
	at scala.concurrent.impl.Promise$DefaultPromise.onComplete(Promise.scala:216)
	at scala.meta.internal.metals.CancelTokens$.future(CancelTokens.scala:38)
	at scala.meta.internal.metals.BuildServerConnection.register(BuildServerConnection.scala:361)
	at scala.meta.internal.metals.BuildServerConnection.testClasses(BuildServerConnection.scala:175)
	at scala.meta.internal.metals.debug.BuildTargetClasses.$anonfun$fetchClasses$2(BuildTargetClasses.scala:78)
	at scala.concurrent.Future$.$anonfun$traverse$1(Future.scala:861)
	at scala.collection.IterableOnceOps.foldLeft(IterableOnce.scala:675)
	at scala.collection.IterableOnceOps.foldLeft$(IterableOnce.scala:669)
	at scala.collection.AbstractIterator.foldLeft(Iterator.scala:1300)
	at scala.concurrent.Future$.traverse(Future.scala:861)
	at scala.meta.internal.metals.debug.BuildTargetClasses.fetchClasses(BuildTargetClasses.scala:65)
	at scala.meta.internal.metals.debug.BuildTargetClasses.$anonfun$rebuildIndex$1(BuildTargetClasses.scala:25)
	at scala.Function1.$anonfun$andThen$1(Function1.scala:87)
	at scala.meta.internal.metals.BatchedFunction.runRelease(BatchedFunction.scala:110)
	at scala.meta.internal.metals.BatchedFunction.runAcquire(BatchedFunction.scala:92)
	at scala.meta.internal.metals.BatchedFunction.unlock(BatchedFunction.scala:87)
	at scala.meta.internal.metals.BatchedFunction.$anonfun$runRelease$7(BatchedFunction.scala:119)
	at scala.meta.internal.metals.BatchedFunction.$anonfun$runRelease$7$adapted(BatchedFunction.scala:118)
	at scala.concurrent.impl.Promise$Transformation.run(Promise.scala:484)
	at java.base/java.util.concurrent.ThreadPoolExecutor.runWorker(ThreadPoolExecutor.java:1128)
	at java.base/java.util.concurrent.ThreadPoolExecutor$Worker.run(ThreadPoolExecutor.java:628)
	at java.base/java.lang.Thread.run(Thread.java:829)
java.util.concurrent.RejectedExecutionException: Task Future(<not completed>) rejected from java.util.concurrent.ThreadPoolExecutor@2cdbea55[Shutting down, pool size = 1, active threads = 1, queued tasks = 0, completed tasks = 3963]
	at java.base/java.util.concurrent.ThreadPoolExecutor$AbortPolicy.rejectedExecution(ThreadPoolExecutor.java:2055)
	at java.base/java.util.concurrent.ThreadPoolExecutor.reject(ThreadPoolExecutor.java:825)
	at java.base/java.util.concurrent.ThreadPoolExecutor.execute(ThreadPoolExecutor.java:1355)
	at scala.concurrent.impl.ExecutionContextImpl.execute(ExecutionContextImpl.scala:21)
	at scala.concurrent.impl.Promise$Transformation.submitWithValue(Promise.scala:429)
	at scala.concurrent.impl.Promise$DefaultPromise.submitWithValue(Promise.scala:338)
	at scala.concurrent.impl.Promise$DefaultPromise.dispatchOrAddCallbacks(Promise.scala:312)
	at scala.concurrent.impl.Promise$DefaultPromise.onComplete(Promise.scala:216)
	at scala.meta.internal.metals.CancelTokens$.future(CancelTokens.scala:38)
	at scala.meta.internal.metals.BuildServerConnection.register(BuildServerConnection.scala:361)
	at scala.meta.internal.metals.BuildServerConnection.mainClasses(BuildServerConnection.scala:169)
	at scala.meta.internal.metals.debug.BuildTargetClasses.$anonfun$fetchClasses$2(BuildTargetClasses.scala:74)
	at scala.concurrent.Future$.$anonfun$traverse$1(Future.scala:861)
	at scala.collection.IterableOnceOps.foldLeft(IterableOnce.scala:675)
	at scala.collection.IterableOnceOps.foldLeft$(IterableOnce.scala:669)
	at scala.collection.AbstractIterator.foldLeft(Iterator.scala:1300)
	at scala.concurrent.Future$.traverse(Future.scala:861)
	at scala.meta.internal.metals.debug.BuildTargetClasses.fetchClasses(BuildTargetClasses.scala:65)
	at scala.meta.internal.metals.debug.BuildTargetClasses.$anonfun$rebuildIndex$1(BuildTargetClasses.scala:25)
	at scala.Function1.$anonfun$andThen$1(Function1.scala:87)
	at scala.meta.internal.metals.BatchedFunction.runRelease(BatchedFunction.scala:110)
	at scala.meta.internal.metals.BatchedFunction.runAcquire(BatchedFunction.scala:92)
	at scala.meta.internal.metals.BatchedFunction.unlock(BatchedFunction.scala:87)
	at scala.meta.internal.metals.BatchedFunction.$anonfun$runRelease$7(BatchedFunction.scala:119)
	at scala.meta.internal.metals.BatchedFunction.$anonfun$runRelease$7$adapted(BatchedFunction.scala:118)
	at scala.concurrent.impl.Promise$Transformation.run(Promise.scala:484)
	at java.base/java.util.concurrent.ThreadPoolExecutor.runWorker(ThreadPoolExecutor.java:1128)
	at java.base/java.util.concurrent.ThreadPoolExecutor$Worker.run(ThreadPoolExecutor.java:628)
	at java.base/java.lang.Thread.run(Thread.java:829)
java.util.concurrent.RejectedExecutionException: Task Future(<not completed>) rejected from java.util.concurrent.ThreadPoolExecutor@2cdbea55[Shutting down, pool size = 1, active threads = 1, queued tasks = 0, completed tasks = 3963]
	at java.base/java.util.concurrent.ThreadPoolExecutor$AbortPolicy.rejectedExecution(ThreadPoolExecutor.java:2055)
	at java.base/java.util.concurrent.ThreadPoolExecutor.reject(ThreadPoolExecutor.java:825)
	at java.base/java.util.concurrent.ThreadPoolExecutor.execute(ThreadPoolExecutor.java:1355)
	at scala.concurrent.impl.ExecutionContextImpl.execute(ExecutionContextImpl.scala:21)
	at scala.concurrent.impl.Promise$Transformation.submitWithValue(Promise.scala:429)
	at scala.concurrent.impl.Promise$DefaultPromise.submitWithValue(Promise.scala:338)
	at scala.concurrent.impl.Promise$DefaultPromise.dispatchOrAddCallbacks(Promise.scala:312)
	at scala.concurrent.impl.Promise$DefaultPromise.onComplete(Promise.scala:216)
	at scala.meta.internal.metals.CancelTokens$.future(CancelTokens.scala:38)
	at scala.meta.internal.metals.BuildServerConnection.register(BuildServerConnection.scala:361)
	at scala.meta.internal.metals.BuildServerConnection.testClasses(BuildServerConnection.scala:175)
	at scala.meta.internal.metals.debug.BuildTargetClasses.$anonfun$fetchClasses$2(BuildTargetClasses.scala:78)
	at scala.concurrent.Future$.$anonfun$traverse$1(Future.scala:861)
	at scala.collection.IterableOnceOps.foldLeft(IterableOnce.scala:675)
	at scala.collection.IterableOnceOps.foldLeft$(IterableOnce.scala:669)
	at scala.collection.AbstractIterator.foldLeft(Iterator.scala:1300)
	at scala.concurrent.Future$.traverse(Future.scala:861)
	at scala.meta.internal.metals.debug.BuildTargetClasses.fetchClasses(BuildTargetClasses.scala:65)
	at scala.meta.internal.metals.debug.BuildTargetClasses.$anonfun$rebuildIndex$1(BuildTargetClasses.scala:25)
	at scala.Function1.$anonfun$andThen$1(Function1.scala:87)
	at scala.meta.internal.metals.BatchedFunction.runRelease(BatchedFunction.scala:110)
	at scala.meta.internal.metals.BatchedFunction.runAcquire(BatchedFunction.scala:92)
	at scala.meta.internal.metals.BatchedFunction.unlock(BatchedFunction.scala:87)
	at scala.meta.internal.metals.BatchedFunction.$anonfun$runRelease$7(BatchedFunction.scala:119)
	at scala.meta.internal.metals.BatchedFunction.$anonfun$runRelease$7$adapted(BatchedFunction.scala:118)
	at scala.concurrent.impl.Promise$Transformation.run(Promise.scala:484)
	at java.base/java.util.concurrent.ThreadPoolExecutor.runWorker(ThreadPoolExecutor.java:1128)
	at java.base/java.util.concurrent.ThreadPoolExecutor$Worker.run(ThreadPoolExecutor.java:628)
	at java.base/java.lang.Thread.run(Thread.java:829)
java.util.concurrent.RejectedExecutionException: Task Future(<not completed>) rejected from java.util.concurrent.ThreadPoolExecutor@2cdbea55[Shutting down, pool size = 1, active threads = 1, queued tasks = 0, completed tasks = 3963]
	at java.base/java.util.concurrent.ThreadPoolExecutor$AbortPolicy.rejectedExecution(ThreadPoolExecutor.java:2055)
	at java.base/java.util.concurrent.ThreadPoolExecutor.reject(ThreadPoolExecutor.java:825)
	at java.base/java.util.concurrent.ThreadPoolExecutor.execute(ThreadPoolExecutor.java:1355)
	at scala.concurrent.impl.ExecutionContextImpl.execute(ExecutionContextImpl.scala:21)
	at scala.concurrent.impl.Promise$Transformation.submitWithValue(Promise.scala:429)
	at scala.concurrent.impl.Promise$DefaultPromise.submitWithValue(Promise.scala:338)
	at scala.concurrent.impl.Promise$DefaultPromise.tryComplete0(Promise.scala:285)
	at scala.concurrent.impl.Promise$DefaultPromise.tryComplete(Promise.scala:278)
	at scala.concurrent.Promise.complete(Promise.scala:57)
	at scala.concurrent.Promise.complete$(Promise.scala:56)
	at scala.concurrent.impl.Promise$DefaultPromise.complete(Promise.scala:104)
	at scala.meta.internal.metals.BatchedFunction.$anonfun$runRelease$8(BatchedFunction.scala:120)
	at scala.collection.immutable.List.foreach(List.scala:333)
	at scala.meta.internal.metals.BatchedFunction.$anonfun$runRelease$7(BatchedFunction.scala:120)
	at scala.meta.internal.metals.BatchedFunction.$anonfun$runRelease$7$adapted(BatchedFunction.scala:118)
	at scala.concurrent.impl.Promise$Transformation.run(Promise.scala:484)
	at java.base/java.util.concurrent.ThreadPoolExecutor.runWorker(ThreadPoolExecutor.java:1128)
	at java.base/java.util.concurrent.ThreadPoolExecutor$Worker.run(ThreadPoolExecutor.java:628)
	at java.base/java.lang.Thread.run(Thread.java:829)
